Arguments: 
  /home/benji/.nvm/versions/node/v18.1.0/bin/node /home/benji/.nvm/versions/node/v18.1.0/bin/yarn

PATH: 
  /home/benji/.local/share/pnpm:/home/benji/.nvm/versions/node/v18.1.0/bin:/home/benji/.rvm/gems/ruby-2.6.3/bin:/home/benji/.rvm/gems/ruby-2.6.3@global/bin:/home/benji/.rvm/rubies/ruby-2.6.3/bin:/home/benji/.cargo/bin:/usr/local/sbin:/usr/local/bin:/usr/sbin:/usr/bin:/sbin:/bin:/usr/games:/usr/local/games:/snap/bin:/snap/bin:/home/benji/.rvm/bin:/home/benji/.rvm/bin

Yarn version: 
  1.22.19

Node version: 
  18.1.0

Platform: 
  linux x64

Trace: 
  SyntaxError: /home/benji/demos/routify-3-webpack/package.json: Unexpected token } in JSON at position 787
      at JSON.parse (<anonymous>)
      at /home/benji/.nvm/versions/node/v18.1.0/lib/node_modules/yarn/lib/cli.js:1629:59
      at Generator.next (<anonymous>)
      at step (/home/benji/.nvm/versions/node/v18.1.0/lib/node_modules/yarn/lib/cli.js:310:30)
      at /home/benji/.nvm/versions/node/v18.1.0/lib/node_modules/yarn/lib/cli.js:321:13

npm manifest: 
  {
    "name": "wp5-starter-svelte",
    "version": "1.0.0",
    "devDependencies": {
      "cross-env": "^7.0.3",
      "css-loader": "^6.7.1",
      "html-webpack-plugin": "^5.5.0",
      "mini-css-extract-plugin": "^2.6.0",
      "npm-run-all": "^4.1.5",
      "serve": "^13.0.2",
      "style-loader": "^3.3.1",
      "svelte": "^3.48.0",
      "svelte-loader": "^3.1.3",
      "webpack": "^5.73.0",
      "webpack-cli": "^4.10.0",
      "webpack-dev-server": "^4.9.2"
    },
    "scripts": {
      "build": "cross-env NODE_ENV=production routify -b && webpack",
      "start": "LOAD_TYPE=local webpack-dev-server",
      "dev": "run-p dev:*",
      "dev:webpack": "LOAD_TYPE=local webpack-dev-server",
      "dev:routify": "routify",
      "share": "webpack-dev-server"
    },
    "dependencies": {
      "@roxi/routify": "^2.18.8",
    }
  }

yarn manifest: 
  No manifest

Lockfile: 
  No lockfile
